        -:    0:Source:dominion.c
        -:    0:Graph:dominion.gcno
        -:    0:Data:dominion.gcda
        -:    0:Runs:1
        -:    0:Programs:1
        -:    1:#include "dominion.h"
        -:    2:#include "dominion_helpers.h"
        -:    3:#include "rngs.h"
        -:    4:#include <stdio.h>
        -:    5:#include <math.h>
        -:    6:#include <stdlib.h>
        -:    7:
       30:    8:int compare(const void* a, const void* b) {
       30:    9:  if (*(int*)a > *(int*)b)
    #####:   10:    return 1;
       30:   11:  if (*(int*)a < *(int*)b)
        8:   12:    return -1;
       22:   13:  return 0;
        -:   14:}
        -:   15:
    #####:   16:struct gameState* newGame() {
    #####:   17:  struct gameState* g = malloc(sizeof(struct gameState));
    #####:   18:  return g;
        -:   19:}
        -:   20:
    #####:   21:int* kingdomCards(int k1, int k2, int k3, int k4, int k5, int k6, int k7,
        -:   22:		  int k8, int k9, int k10) {
    #####:   23:  int* k = malloc(10 * sizeof(int));
    #####:   24:  k[0] = k1;
    #####:   25:  k[1] = k2;
    #####:   26:  k[2] = k3;
    #####:   27:  k[3] = k4;
    #####:   28:  k[4] = k5;
    #####:   29:  k[5] = k6;
    #####:   30:  k[6] = k7;
    #####:   31:  k[7] = k8;
    #####:   32:  k[8] = k9;
    #####:   33:  k[9] = k10;
    #####:   34:  return k;
        -:   35:}
        -:   36:
        1:   37:int initializeGame(int numPlayers, int kingdomCards[10], int randomSeed,
        -:   38:		   struct gameState *state) {
        -:   39:
        -:   40:  int i;
        -:   41:  int j;
        -:   42:  int it;			
        -:   43:  //set up random number generator
        1:   44:  SelectStream(1);
        1:   45:  PutSeed((long)randomSeed);
        -:   46:  
        -:   47:  //check number of players
        1:   48:  if (numPlayers > MAX_PLAYERS || numPlayers < 2)
        -:   49:    {
    #####:   50:      return -1;
        -:   51:    }
        -:   52:
        -:   53:  //set number of players
        1:   54:  state->numPlayers = numPlayers;
        -:   55:
        -:   56:  //check selected kingdom cards are different
       11:   57:  for (i = 0; i < 10; i++)
        -:   58:    {
      110:   59:      for (j = 0; j < 10; j++)
        -:   60:        {
      100:   61:	  if (j != i && kingdomCards[j] == kingdomCards[i])
        -:   62:	    {
    #####:   63:	      return -1;
        -:   64:	    }
        -:   65:        }
        -:   66:    }
        -:   67:
        -:   68:
        -:   69:  //initialize supply
        -:   70:  ///////////////////////////////
        -:   71:
        -:   72:  //set number of Curse cards
        1:   73:  if (numPlayers == 2)
        -:   74:    {
        1:   75:      state->supplyCount[curse] = 10;
        -:   76:    }
    #####:   77:  else if (numPlayers == 3)
        -:   78:    {
    #####:   79:      state->supplyCount[curse] = 20;
        -:   80:    }
        -:   81:  else
        -:   82:    {
    #####:   83:      state->supplyCount[curse] = 30;
        -:   84:    }
        -:   85:
        -:   86:  //set number of Victory cards
        1:   87:  if (numPlayers == 2)
        -:   88:    {
        1:   89:      state->supplyCount[estate] = 8;
        1:   90:      state->supplyCount[duchy] = 8;
        1:   91:      state->supplyCount[province] = 8;
        -:   92:    }
        -:   93:  else
        -:   94:    {
    #####:   95:      state->supplyCount[estate] = 12;
    #####:   96:      state->supplyCount[duchy] = 12;
    #####:   97:      state->supplyCount[province] = 12;
        -:   98:    }
        -:   99:
        -:  100:  //set number of Treasure cards
        1:  101:  state->supplyCount[copper] = 60 - (7 * numPlayers);
        1:  102:  state->supplyCount[silver] = 40;
        1:  103:  state->supplyCount[gold] = 30;
        -:  104:
        -:  105:  //set number of Kingdom cards
       21:  106:  for (i = adventurer; i <= treasure_map; i++)       	//loop all cards
        -:  107:    {
      165:  108:      for (j = 0; j < 10; j++)           		//loop chosen cards
        -:  109:	{
      155:  110:	  if (kingdomCards[j] == i)
        -:  111:	    {
        -:  112:	      //check if card is a 'Victory' Kingdom card
       10:  113:	      if (kingdomCards[j] == great_hall || kingdomCards[j] == gardens)
        -:  114:		{
    #####:  115:		  if (numPlayers == 2){ 
    #####:  116:		    state->supplyCount[i] = 8; 
        -:  117:		  }
    #####:  118:		  else{ state->supplyCount[i] = 12; }
        -:  119:		}
        -:  120:	      else
        -:  121:		{
       10:  122:		  state->supplyCount[i] = 10;
        -:  123:		}
       10:  124:	      break;
        -:  125:	    }
        -:  126:	  else    //card is not in the set choosen for the game
        -:  127:	    {
      145:  128:	      state->supplyCount[i] = -1;
        -:  129:	    }
        -:  130:	}
        -:  131:
        -:  132:    }
        -:  133:
        -:  134:  ////////////////////////
        -:  135:  //supply intilization complete
        -:  136:
        -:  137:  //set player decks
        3:  138:  for (i = 0; i < numPlayers; i++)
        -:  139:    {
        2:  140:      state->deckCount[i] = 0;
        8:  141:      for (j = 0; j < 3; j++)
        -:  142:	{
        6:  143:	  state->deck[i][j] = estate;
        6:  144:	  state->deckCount[i]++;
        -:  145:	}
       16:  146:      for (j = 3; j < 10; j++)
        -:  147:	{
       14:  148:	  state->deck[i][j] = copper;
       14:  149:	  state->deckCount[i]++;		
        -:  150:	}
        -:  151:    }
        -:  152:
        -:  153:  //shuffle player decks
        3:  154:  for (i = 0; i < numPlayers; i++)
        -:  155:    {
        2:  156:      if ( shuffle(i, state) < 0 )
        -:  157:	{
    #####:  158:	  return -1;
        -:  159:	}
        -:  160:    }
        -:  161:
        -:  162:  //draw player hands
        3:  163:  for (i = 0; i < numPlayers; i++)
        -:  164:    {  
        -:  165:      //initialize hand size to zero
        2:  166:      state->handCount[i] = 0;
        2:  167:      state->discardCount[i] = 0;
        -:  168:      //draw 5 cards
        -:  169:      // for (j = 0; j < 5; j++)
        -:  170:      //	{
        -:  171:      //	  drawCard(i, state);
        -:  172:      //	}
        -:  173:    }
        -:  174:  
        -:  175:  //set embargo tokens to 0 for all supply piles
       28:  176:  for (i = 0; i <= treasure_map; i++)
        -:  177:    {
       27:  178:      state->embargoTokens[i] = 0;
        -:  179:    }
        -:  180:
        -:  181:  //initialize first player's turn
        1:  182:  state->outpostPlayed = 0;
        1:  183:  state->phase = 0;
        1:  184:  state->numActions = 1;
        1:  185:  state->numBuys = 1;
        1:  186:  state->playedCardCount = 0;
        1:  187:  state->whoseTurn = 0;
        1:  188:  state->handCount[state->whoseTurn] = 0;
        -:  189:  //int it; move to top
        -:  190:
        -:  191:  //Moved draw cards to here, only drawing at the start of a turn
        6:  192:  for (it = 0; it < 5; it++){
        5:  193:    drawCard(state->whoseTurn, state);
        -:  194:  }
        -:  195:
        1:  196:  updateCoins(state->whoseTurn, state, 0);
        -:  197:
        1:  198:  return 0;
        -:  199:}
        -:  200:
        2:  201:int shuffle(int player, struct gameState *state) {
        -:  202: 
        -:  203:
        -:  204:  int newDeck[MAX_DECK];
        2:  205:  int newDeckPos = 0;
        -:  206:  int card;
        -:  207:  int i;
        -:  208:
        2:  209:  if (state->deckCount[player] < 1)
    #####:  210:    return -1;
        2:  211:  qsort ((void*)(state->deck[player]), state->deckCount[player], sizeof(int), compare); 
        -:  212:  /* SORT CARDS IN DECK TO ENSURE DETERMINISM! */
        -:  213:
       24:  214:  while (state->deckCount[player] > 0) {
       20:  215:    card = floor(Random() * state->deckCount[player]);
       20:  216:    newDeck[newDeckPos] = state->deck[player][card];
       20:  217:    newDeckPos++;
       70:  218:    for (i = card; i < state->deckCount[player]-1; i++) {
       50:  219:      state->deck[player][i] = state->deck[player][i+1];
        -:  220:    }
       20:  221:    state->deckCount[player]--;
        -:  222:  }
       22:  223:  for (i = 0; i < newDeckPos; i++) {
       20:  224:    state->deck[player][i] = newDeck[i];
       20:  225:    state->deckCount[player]++;
        -:  226:  }
        -:  227:
        2:  228:  return 0;
        -:  229:}
        -:  230:
    #####:  231:int playCard(int handPos, int choice1, int choice2, int choice3, struct gameState *state) 
        -:  232:{	
        -:  233:  int card;
    #####:  234:  int coin_bonus = 0; 		//tracks coins gain from actions
        -:  235:
        -:  236:  //check if it is the right phase
    #####:  237:  if (state->phase != 0)
        -:  238:    {
    #####:  239:      return -1;
        -:  240:    }
        -:  241:	
        -:  242:  //check if player has enough actions
    #####:  243:  if ( state->numActions < 1 )
        -:  244:    {
    #####:  245:      return -1;
        -:  246:    }
        -:  247:	
        -:  248:  //get card played
    #####:  249:  card = handCard(handPos, state);
        -:  250:	
        -:  251:  //check if selected card is an action
    #####:  252:  if ( card < adventurer || card > treasure_map )
        -:  253:    {
    #####:  254:      return -1;
        -:  255:    }
        -:  256:	
        -:  257:  //play card
    #####:  258:  if ( cardEffect(card, choice1, choice2, choice3, state, handPos, &coin_bonus) < 0 )
        -:  259:    {
    #####:  260:      return -1;
        -:  261:    }
        -:  262:	
        -:  263:  //reduce number of actions
    #####:  264:  state->numActions--;
        -:  265:
        -:  266:  //update coins (Treasure cards may be added with card draws)
    #####:  267:  updateCoins(state->whoseTurn, state, coin_bonus);
        -:  268:	
    #####:  269:  return 0;
        -:  270:}
        -:  271:
    #####:  272:int buyCard(int supplyPos, struct gameState *state) {
        -:  273:  int who;
        -:  274:  if (DEBUG){
        -:  275:    printf("Entering buyCard...\n");
        -:  276:  }
        -:  277:
        -:  278:  // I don't know what to do about the phase thing.
        -:  279:
    #####:  280:  who = state->whoseTurn;
        -:  281:
    #####:  282:  if (state->numBuys < 1){
        -:  283:    if (DEBUG)
        -:  284:      printf("You do not have any buys left\n");
    #####:  285:    return -1;
    #####:  286:  } else if (supplyCount(supplyPos, state) <1){
        -:  287:    if (DEBUG)
        -:  288:      printf("There are not any of that type of card left\n");
    #####:  289:    return -1;
    #####:  290:  } else if (state->coins < getCost(supplyPos)){
        -:  291:    if (DEBUG) 
        -:  292:      printf("You do not have enough money to buy that. You have %d coins.\n", state->coins);
    #####:  293:    return -1;
        -:  294:  } else {
    #####:  295:    state->phase=1;
        -:  296:    //state->supplyCount[supplyPos]--;
    #####:  297:    gainCard(supplyPos, state, 0, who); //card goes in discard, this might be wrong.. (2 means goes into hand, 0 goes into discard)
        -:  298:  
    #####:  299:    state->coins = (state->coins) - (getCost(supplyPos));
    #####:  300:    state->numBuys--;
        -:  301:    if (DEBUG)
        -:  302:      printf("You bought card number %d for %d coins. You now have %d buys and %d coins.\n", supplyPos, getCost(supplyPos), state->numBuys, state->coins);
        -:  303:  }
        -:  304:
        -:  305:  //state->discard[who][state->discardCount[who]] = supplyPos;
        -:  306:  //state->discardCount[who]++;
        -:  307:    
    #####:  308:  return 0;
        -:  309:}
        -:  310:
    #####:  311:int numHandCards(struct gameState *state) {
    #####:  312:  return state->handCount[ whoseTurn(state) ];
        -:  313:}
        -:  314:
    #####:  315:int handCard(int handPos, struct gameState *state) {
    #####:  316:  int currentPlayer = whoseTurn(state);
    #####:  317:  return state->hand[currentPlayer][handPos];
        -:  318:}
        -:  319:
    #####:  320:int supplyCount(int card, struct gameState *state) {
    #####:  321:  return state->supplyCount[card];
        -:  322:}
        -:  323:
    #####:  324:int fullDeckCount(int player, int card, struct gameState *state) {
        -:  325:  int i;
    #####:  326:  int count = 0;
        -:  327:
    #####:  328:  for (i = 0; i < state->deckCount[player]; i++)
        -:  329:    {
    #####:  330:      if (state->deck[player][i] == card) count++;
        -:  331:    }
        -:  332:
    #####:  333:  for (i = 0; i < state->handCount[player]; i++)
        -:  334:    {
    #####:  335:      if (state->hand[player][i] == card) count++;
        -:  336:    }
        -:  337:
    #####:  338:  for (i = 0; i < state->discardCount[player]; i++)
        -:  339:    {
    #####:  340:      if (state->discard[player][i] == card) count++;
        -:  341:    }
        -:  342:
    #####:  343:  return count;
        -:  344:}
        -:  345:
    #####:  346:int whoseTurn(struct gameState *state) {
    #####:  347:  return state->whoseTurn;
        -:  348:}
        -:  349:
    #####:  350:int endTurn(struct gameState *state) {
        -:  351:  int k;
        -:  352:  int i;
    #####:  353:  int currentPlayer = whoseTurn(state);
        -:  354:  
        -:  355:  //Discard hand
    #####:  356:  for (i = 0; i < state->handCount[currentPlayer]; i++){
    #####:  357:    state->discard[currentPlayer][state->discardCount[currentPlayer]++] = state->hand[currentPlayer][i];//Discard
    #####:  358:    state->hand[currentPlayer][i] = -1;//Set card to -1
        -:  359:  }
    #####:  360:  state->handCount[currentPlayer] = 0;//Reset hand count
        -:  361:    
        -:  362:  //Code for determining the player
    #####:  363:  if (currentPlayer < (state->numPlayers - 1)){ 
    #####:  364:    state->whoseTurn = currentPlayer + 1;//Still safe to increment
        -:  365:  }
        -:  366:  else{
    #####:  367:    state->whoseTurn = 0;//Max player has been reached, loop back around to player 1
        -:  368:  }
        -:  369:
    #####:  370:  state->outpostPlayed = 0;
    #####:  371:  state->phase = 0;
    #####:  372:  state->numActions = 1;
    #####:  373:  state->coins = 0;
    #####:  374:  state->numBuys = 1;
    #####:  375:  state->playedCardCount = 0;
    #####:  376:  state->handCount[state->whoseTurn] = 0;
        -:  377:
        -:  378:  //int k; move to top
        -:  379:  //Next player draws hand
    #####:  380:  for (k = 0; k < 5; k++){
    #####:  381:    drawCard(state->whoseTurn, state);//Draw a card
        -:  382:  }
        -:  383:
        -:  384:  //Update money
    #####:  385:  updateCoins(state->whoseTurn, state , 0);
        -:  386:
    #####:  387:  return 0;
        -:  388:}
        -:  389:
        4:  390:int isGameOver(struct gameState *state) {
        -:  391:  int i;
        -:  392:  int j;
        -:  393:	
        -:  394:  //if stack of Province cards is empty, the game ends
        4:  395:  if (state->supplyCount[province] == 0)
        -:  396:    {
        1:  397:      return 1;
        -:  398:    }
        -:  399:
        -:  400:  //if three supply pile are at 0, the game ends
        3:  401:  j = 0;
       78:  402:  for (i = 0; i < 25; i++)
        -:  403:    {
       75:  404:      if (state->supplyCount[i] == 0)
        -:  405:	{
        4:  406:	  j++;
        -:  407:	}
        -:  408:    }
        3:  409:  if ( j >= 3)
        -:  410:    {
        1:  411:      return 1;
        -:  412:    }
        -:  413:
        2:  414:  return 0;
        -:  415:}
        -:  416:
    #####:  417:int scoreFor (int player, struct gameState *state) {
        -:  418:
        -:  419:  int i;
    #####:  420:  int score = 0;
        -:  421:  //score from hand
    #####:  422:  for (i = 0; i < state->handCount[player]; i++)
        -:  423:    {
    #####:  424:      if (state->hand[player][i] == curse) { score = score - 1; };
    #####:  425:      if (state->hand[player][i] == estate) { score = score + 1; };
    #####:  426:      if (state->hand[player][i] == duchy) { score = score + 3; };
    #####:  427:      if (state->hand[player][i] == province) { score = score + 6; };
    #####:  428:      if (state->hand[player][i] == great_hall) { score = score + 1; };
    #####:  429:      if (state->hand[player][i] == gardens) { score = score + ( fullDeckCount(player, 0, state) / 10 ); };
        -:  430:    }
        -:  431:
        -:  432:  //score from discard
    #####:  433:  for (i = 0; i < state->discardCount[player]; i++)
        -:  434:    {
    #####:  435:      if (state->discard[player][i] == curse) { score = score - 1; };
    #####:  436:      if (state->discard[player][i] == estate) { score = score + 1; };
    #####:  437:      if (state->discard[player][i] == duchy) { score = score + 3; };
    #####:  438:      if (state->discard[player][i] == province) { score = score + 6; };
    #####:  439:      if (state->discard[player][i] == great_hall) { score = score + 1; };
    #####:  440:      if (state->discard[player][i] == gardens) { score = score + ( fullDeckCount(player, 0, state) / 10 ); };
        -:  441:    }
        -:  442:
        -:  443:  //score from deck
    #####:  444:  for (i = 0; i < state->discardCount[player]; i++)
        -:  445:    {
    #####:  446:      if (state->deck[player][i] == curse) { score = score - 1; };
    #####:  447:      if (state->deck[player][i] == estate) { score = score + 1; };
    #####:  448:      if (state->deck[player][i] == duchy) { score = score + 3; };
    #####:  449:      if (state->deck[player][i] == province) { score = score + 6; };
    #####:  450:      if (state->deck[player][i] == great_hall) { score = score + 1; };
    #####:  451:      if (state->deck[player][i] == gardens) { score = score + ( fullDeckCount(player, 0, state) / 10 ); };
        -:  452:    }
        -:  453:
    #####:  454:  return score;
        -:  455:}
        -:  456:
    #####:  457:int getWinners(int players[MAX_PLAYERS], struct gameState *state) {
        -:  458:  int i;	
        -:  459:  int j;
        -:  460:  int highScore;
        -:  461:  int currentPlayer;
        -:  462:
        -:  463:  //get score for each player
    #####:  464:  for (i = 0; i < MAX_PLAYERS; i++)
        -:  465:    {
        -:  466:      //set unused player scores to -9999
    #####:  467:      if (i >= state->numPlayers)
        -:  468:	{
    #####:  469:	  players[i] = -9999;
        -:  470:	}
        -:  471:      else
        -:  472:	{
    #####:  473:	  players[i] = scoreFor (i, state);
        -:  474:	}
        -:  475:    }
        -:  476:
        -:  477:  //find highest score
    #####:  478:  j = 0;
    #####:  479:  for (i = 0; i < MAX_PLAYERS; i++)
        -:  480:    {
    #####:  481:      if (players[i] > players[j])
        -:  482:	{
    #####:  483:	  j = i;
        -:  484:	}
        -:  485:    }
    #####:  486:  highScore = players[j];
        -:  487:
        -:  488:  //add 1 to players who had less turns
    #####:  489:  currentPlayer = whoseTurn(state);
    #####:  490:  for (i = 0; i < MAX_PLAYERS; i++)
        -:  491:    {
    #####:  492:      if ( players[i] == highScore && i > currentPlayer )
        -:  493:	{
    #####:  494:	  players[i]++;
        -:  495:	}
        -:  496:    }
        -:  497:
        -:  498:  //find new highest score
    #####:  499:  j = 0;
    #####:  500:  for (i = 0; i < MAX_PLAYERS; i++)
        -:  501:    {
    #####:  502:      if ( players[i] > players[j] )
        -:  503:	{
    #####:  504:	  j = i;
        -:  505:	}
        -:  506:    }
    #####:  507:  highScore = players[j];
        -:  508:
        -:  509:  //set winners in array to 1 and rest to 0
    #####:  510:  for (i = 0; i < MAX_PLAYERS; i++)
        -:  511:    {
    #####:  512:      if ( players[i] == highScore )
        -:  513:	{
    #####:  514:	  players[i] = 1;
        -:  515:	}
        -:  516:      else
        -:  517:	{
    #####:  518:	  players[i] = 0;
        -:  519:	}
        -:  520:    }
        -:  521:
    #####:  522:  return 0;
        -:  523:}
        -:  524:
        5:  525:int drawCard(int player, struct gameState *state)
        -:  526:{	int count;
        -:  527:  int deckCounter;
        5:  528:  if (state->deckCount[player] <= 0){//Deck is empty
        -:  529:    
        -:  530:    //Step 1 Shuffle the discard pile back into a deck
        -:  531:    int i;
        -:  532:    //Move discard to deck
    #####:  533:    for (i = 0; i < state->discardCount[player];i++){
    #####:  534:      state->deck[player][i] = state->discard[player][i];
    #####:  535:      state->discard[player][i] = -1;
        -:  536:    }
        -:  537:
    #####:  538:    state->deckCount[player] = state->discardCount[player];
    #####:  539:    state->discardCount[player] = 0;//Reset discard
        -:  540:
        -:  541:    //Shufffle the deck
    #####:  542:    shuffle(player, state);//Shuffle the deck up and make it so that we can draw
        -:  543:   
        -:  544:    if (DEBUG){//Debug statements
        -:  545:      printf("Deck count now: %d\n", state->deckCount[player]);
        -:  546:    }
        -:  547:    
    #####:  548:    state->discardCount[player] = 0;
        -:  549:
        -:  550:    //Step 2 Draw Card
    #####:  551:    count = state->handCount[player];//Get current player's hand count
        -:  552:    
        -:  553:    if (DEBUG){//Debug statements
        -:  554:      printf("Current hand count: %d\n", count);
        -:  555:    }
        -:  556:    
    #####:  557:    deckCounter = state->deckCount[player];//Create a holder for the deck count
        -:  558:
    #####:  559:    if (deckCounter == 0)
    #####:  560:      return -1;
        -:  561:
    #####:  562:    state->hand[player][count] = state->deck[player][deckCounter - 1];//Add card to hand
    #####:  563:    state->deckCount[player]--;
    #####:  564:    state->handCount[player]++;//Increment hand count
        -:  565:  }
        -:  566:
        -:  567:  else{
        5:  568:    int count = state->handCount[player];//Get current hand count for player
        -:  569:    int deckCounter;
        -:  570:    if (DEBUG){//Debug statements
        -:  571:      printf("Current hand count: %d\n", count);
        -:  572:    }
        -:  573:
        5:  574:    deckCounter = state->deckCount[player];//Create holder for the deck count
        5:  575:    state->hand[player][count] = state->deck[player][deckCounter - 1];//Add card to the hand
        5:  576:    state->deckCount[player]--;
        5:  577:    state->handCount[player]++;//Increment hand count
        -:  578:  }
        -:  579:
        5:  580:  return 0;
        -:  581:}
        -:  582:
    #####:  583:int getCost(int cardNumber)
        -:  584:{
    #####:  585:  switch( cardNumber ) 
        -:  586:    {
        -:  587:    case curse:
    #####:  588:      return 0;
        -:  589:    case estate:
    #####:  590:      return 2;
        -:  591:    case duchy:
    #####:  592:      return 5;
        -:  593:    case province:
    #####:  594:      return 8;
        -:  595:    case copper:
    #####:  596:      return 0;
        -:  597:    case silver:
    #####:  598:      return 3;
        -:  599:    case gold:
    #####:  600:      return 6;
        -:  601:    case adventurer:
    #####:  602:      return 6;
        -:  603:    case council_room:
    #####:  604:      return 5;
        -:  605:    case feast:
    #####:  606:      return 4;
        -:  607:    case gardens:
    #####:  608:      return 4;
        -:  609:    case mine:
    #####:  610:      return 5;
        -:  611:    case remodel:
    #####:  612:      return 4;
        -:  613:    case smithy:
    #####:  614:      return 4;
        -:  615:    case village:
    #####:  616:      return 3;
        -:  617:    case baron:
    #####:  618:      return 4;
        -:  619:    case great_hall:
    #####:  620:      return 3;
        -:  621:    case minion:
    #####:  622:      return 5;
        -:  623:    case steward:
    #####:  624:      return 3;
        -:  625:    case tribute:
    #####:  626:      return 5;
        -:  627:    case ambassador:
    #####:  628:      return 3;
        -:  629:    case cutpurse:
    #####:  630:      return 4;
        -:  631:    case embargo: 
    #####:  632:      return 2;
        -:  633:    case outpost:
    #####:  634:      return 5;
        -:  635:    case salvager:
    #####:  636:      return 4;
        -:  637:    case sea_hag:
    #####:  638:      return 4;
        -:  639:    case treasure_map:
    #####:  640:      return 4;
        -:  641:    }
        -:  642:	
    #####:  643:  return -1;
        -:  644:}
        -:  645:
    #####:  646:int adventurer_card(int card, int choice1, int choice2, int choice3, struct gameState *state, int handPos, int *bonus){
    #####:  647:  int currentPlayer = whoseTurn(state);
    #####:  648:  int nextPlayer = currentPlayer + 1; 
        -:  649:
        -:  650:  int temphand[MAX_HAND];// moved above the if statement
    #####:  651:  int drawntreasure=0;
        -:  652:  int cardDrawn;
    #####:  653:  int z = 0;// this is the counter for the temp hand
    #####:  654:  if (nextPlayer > (state->numPlayers - 1)){
    #####:  655:    nextPlayer = 0;
        -:  656:  }
        -:  657:	
    #####:  658:	while(drawntreasure<3){
    #####:  659:	if (state->deckCount[currentPlayer] <1){//if the deck is empty we need to shuffle discard and add to deck
    #####:  660:	  shuffle(currentPlayer, state);
        -:  661:	}
    #####:  662:	drawCard(currentPlayer, state);
    #####:  663:	cardDrawn = state->hand[currentPlayer][state->handCount[currentPlayer]-1];//top card of hand is most recently drawn card.
    #####:  664:	if (cardDrawn == copper || cardDrawn == silver || cardDrawn == gold)
    #####:  665:	  drawntreasure++;
        -:  666:	else{
    #####:  667:	  temphand[z]=cardDrawn;
    #####:  668:	  state->handCount[currentPlayer]--; //this should just remove the top card (the most recently drawn one).
    #####:  669:	  z++;
        -:  670:	}
        -:  671:      }
    #####:  672:      while(z-1>=0){
    #####:  673:	state->discard[currentPlayer][state->discardCount[currentPlayer]++]=temphand[z-1]; // discard all cards in play that have been drawn
    #####:  674:	z=z-1;
        -:  675:      }
    #####:  676:      return 0;
        -:  677:}
        -:  678:
    #####:  679:int smithy_card(int card, int choice1, int choice2, int choice3, struct gameState *state, int handPos, int *bonus){
        -:  680:      int i;
    #####:  681:  int currentPlayer = whoseTurn(state);
    #####:  682:  int nextPlayer = currentPlayer + 1;
        -:  683:
    #####:  684:  if (nextPlayer > (state->numPlayers - 1)){
    #####:  685:    nextPlayer = 0; 
        -:  686:  }
        -:  687:      
        -:  688:      //+3 Cards
    #####:  689:      for (i = 0; i < 3; i++)
        -:  690:	{
    #####:  691:	  drawCard(currentPlayer, state);
        -:  692:	}
        -:  693:			
        -:  694:      //discard card from hand
    #####:  695:      discardCard(handPos, currentPlayer, state, 0);
    #####:  696:      return 0;
        -:  697:
        -:  698:}
        -:  699:
    #####:  700:int feast_card(int card, int choice1, int choice2, int choice3, struct gameState *state, int handPos, int *bonus){
        -:  701:	int i;
        -:  702:  int x;
    #####:  703:  int currentPlayer = whoseTurn(state);
    #####:  704:  int nextPlayer = currentPlayer + 1;
        -:  705:
        -:  706:  int temphand[MAX_HAND];// moved above the if statement
    #####:  707:  if (nextPlayer > (state->numPlayers - 1)){
    #####:  708:    nextPlayer = 0;
        -:  709:  }
        -:  710:	
        -:  711:	//gain card with cost up to 5
        -:  712:      //Backup hand
    #####:  713:      for (i = 0; i <= state->handCount[currentPlayer]; i++){
    #####:  714:	temphand[i] = state->hand[currentPlayer][i];//Backup card
    #####:  715:	state->hand[currentPlayer][i] = -1;//Set to nothing
        -:  716:      }
        -:  717:      //Backup hand
        -:  718:
        -:  719:      //Update Coins for Buy
    #####:  720:      updateCoins(currentPlayer, state, 5);
    #####:  721:      x = 1;//Condition to loop on
    #####:  722:      while( x == 1) {//Buy one card
    #####:  723:	if (supplyCount(choice1, state) <= 0){
        -:  724:	  if (DEBUG)
        -:  725:	    printf("None of that card left, sorry!\n");
        -:  726:
        -:  727:	  if (DEBUG){
        -:  728:	    printf("Cards Left: %d\n", supplyCount(choice1, state));
        -:  729:	  }
        -:  730:	}
    #####:  731:	else if (state->coins < getCost(choice1)){
    #####:  732:	  printf("That card is too expensive!\n");
        -:  733:
        -:  734:	  if (DEBUG){
        -:  735:	    printf("Coins: %d < %d\n", state->coins, getCost(choice1));
        -:  736:	  }
        -:  737:	}
        -:  738:	else{
        -:  739:
        -:  740:	  if (DEBUG){
        -:  741:	    printf("Deck Count: %d\n", state->handCount[currentPlayer] + state->deckCount[currentPlayer] + state->discardCount[currentPlayer]);
        -:  742:	  }
        -:  743:
    #####:  744:	  gainCard(choice1, state, 0, currentPlayer);//Gain the card
    #####:  745:	  x = 0;//No more buying cards
        -:  746:
        -:  747:	  if (DEBUG){
        -:  748:	    printf("Deck Count: %d\n", state->handCount[currentPlayer] + state->deckCount[currentPlayer] + state->discardCount[currentPlayer]);
        -:  749:	  }
        -:  750:
        -:  751:	}
        -:  752:      }     
        -:  753:
        -:  754:      //Reset Hand
    #####:  755:      for (i = 0; i <= state->handCount[currentPlayer]; i++){
    #####:  756:	state->hand[currentPlayer][i] = temphand[i];
    #####:  757:	temphand[i] = -1;
        -:  758:      }
        -:  759:      //Reset Hand
        -:  760:      			
    #####:  761:      return 0;
        -:  762:}
        -:  763:
    #####:  764:int council_room_card(int card, int choice1, int choice2, int choice3, struct gameState *state, int handPos, int *bonus){
        -:  765:	int i;
    #####:  766:  int currentPlayer = whoseTurn(state);
    #####:  767:  int nextPlayer = currentPlayer + 1;
        -:  768:
    #####:  769:  if (nextPlayer > (state->numPlayers - 1)){
    #####:  770:    nextPlayer = 0;
        -:  771:  }
        -:  772:	
        -:  773:	//+4 Cards
    #####:  774:      for (i = 0; i < 4; i++)
        -:  775:	{
    #####:  776:	  drawCard(currentPlayer, state);
        -:  777:	}
        -:  778:			
        -:  779:      //+1 Buy
    #####:  780:      state->numBuys++;
        -:  781:			
        -:  782:      //Each other player draws a card
    #####:  783:      for (i = 1; i < state->numPlayers; i++)
        -:  784:	{
    #####:  785:	  if ( i != currentPlayer )
        -:  786:	    {
    #####:  787:	      drawCard(i, state);
        -:  788:	    }
        -:  789:	}
        -:  790:			
        -:  791:      //put played card in played card pile
    #####:  792:      discardCard(handPos, currentPlayer, state, 0);
        -:  793:			
    #####:  794:      return 0;
        -:  795:}
        -:  796:
    #####:  797:int mine_card(int card, int choice1, int choice2, int choice3, struct gameState *state, int handPos, int *bonus){
        -:  798:	      int i;
        -:  799:  int j;
    #####:  800:  int currentPlayer = whoseTurn(state);
    #####:  801:  int nextPlayer = currentPlayer + 1;
        -:  802:
    #####:  803:  if (nextPlayer > (state->numPlayers - 1)){
    #####:  804:    nextPlayer = 0;
        -:  805:  }
    #####:  806:	      j = state->hand[currentPlayer][choice1];  //store card we will trash
        -:  807:
    #####:  808:      if (state->hand[currentPlayer][choice1] < copper || state->hand[currentPlayer][choice1] > gold)
        -:  809:	{
    #####:  810:	  return 0;
        -:  811:	}
        -:  812:		
    #####:  813:      if (choice2 > treasure_map || choice2 < curse)
        -:  814:	{
    #####:  815:	  return -1;
        -:  816:	}
        -:  817:
    #####:  818:      if ( (getCost(state->hand[currentPlayer][choice1]) + 3) > getCost(choice2) )
        -:  819:	{
    #####:  820:	  return -1;
        -:  821:	}
        -:  822:
    #####:  823:      gainCard(choice2, state, 2, currentPlayer);
        -:  824:
        -:  825:      //discard card from hand
    #####:  826:      discardCard(handPos, currentPlayer, state, 0);
        -:  827:
        -:  828:      //discard trashed card
    #####:  829:      for (i = 0; i < state->handCount[currentPlayer]; i++)
        -:  830:	{
    #####:  831:	  if (state->hand[currentPlayer][i] == j)
        -:  832:	    {
    #####:  833:	      discardCard(i, currentPlayer, state, 0);			
    #####:  834:	      break;
        -:  835:	    }
        -:  836:	}
        -:  837:			
    #####:  838:      return 0;
        -:  839:}
        -:  840:
    #####:  841:int cardEffect(int card, int choice1, int choice2, int choice3, struct gameState *state, int handPos, int *bonus)
        -:  842:{
        -:  843:  int i;
        -:  844:  int j;
        -:  845:  int k; 
        -:  846:  int x;
        -:  847:  int index;
    #####:  848:  int currentPlayer = whoseTurn(state);
    #####:  849:  int nextPlayer = currentPlayer + 1;
        -:  850:
    #####:  851:  int tributeRevealedCards[2] = {-1, -1};
        -:  852:  int temphand[MAX_HAND];// moved above the if statement
    #####:  853:  int drawntreasure=0;
        -:  854:  int cardDrawn;
    #####:  855:  int z = 0;// this is the counter for the temp hand
    #####:  856:  if (nextPlayer > (state->numPlayers - 1)){
    #####:  857:    nextPlayer = 0;
        -:  858:  }
        -:  859:	
        -:  860:  //uses switch to select card and perform actions
    #####:  861:  switch( card ) 
        -:  862:    { 
        -:  863:    case adventurer:
    #####:  864:      return adventurer_card(card, choice1, choice2, choice3, state, handPos, bonus);
        -:  865:			
        -:  866:    case council_room:
    #####:  867:      return council_room_card(card, choice1, choice2, choice3, state, handPos, bonus);
        -:  868:			
        -:  869:    case feast:
    #####:  870:      return feast_card(card, choice1, choice2, choice3, state, handPos, bonus);
        -:  871:			
        -:  872:    case gardens:
    #####:  873:      return -1;
        -:  874:			
        -:  875:    case mine:
    #####:  876:      return mine_card(card, choice1, choice2, choice3, state, handPos, bonus);
        -:  877:			
        -:  878:    case remodel:
    #####:  879:      j = state->hand[currentPlayer][choice1];  //store card we will trash
        -:  880:
    #####:  881:      if ( (getCost(state->hand[currentPlayer][choice1]) + 2) > getCost(choice2) )
        -:  882:	{
    #####:  883:	  return -1;
        -:  884:	}
        -:  885:
    #####:  886:      gainCard(choice2, state, 0, currentPlayer);
        -:  887:
        -:  888:      //discard card from hand
    #####:  889:      discardCard(handPos, currentPlayer, state, 0);
        -:  890:
        -:  891:      //discard trashed card
    #####:  892:      for (i = 0; i < state->handCount[currentPlayer]; i++)
        -:  893:	{
    #####:  894:	  if (state->hand[currentPlayer][i] == j)
        -:  895:	    {
    #####:  896:	      discardCard(i, currentPlayer, state, 0);			
    #####:  897:	      break;
        -:  898:	    }
        -:  899:	}
        -:  900:
        -:  901:
    #####:  902:      return 0;
        -:  903:		
        -:  904:    case smithy:
    #####:  905:      return smithy_card(card, choice1, choice2, choice3, state, handPos, bonus);
        -:  906:		
        -:  907:    case village:
        -:  908:      //+1 Card
    #####:  909:      drawCard(currentPlayer, state);
        -:  910:			
        -:  911:      //+2 Actions
    #####:  912:      state->numActions = state->numActions + 2;
        -:  913:			
        -:  914:      //discard played card from hand
    #####:  915:      discardCard(handPos, currentPlayer, state, 0);
    #####:  916:      return 0;
        -:  917:		
        -:  918:    case baron:
    #####:  919:      state->numBuys++;//Increase buys by 1!
    #####:  920:      if (choice1 > 0){//Boolean true or going to discard an estate
    #####:  921:	int p = 0;//Iterator for hand!
    #####:  922:	int card_not_discarded = 1;//Flag for discard set!
    #####:  923:	while(card_not_discarded){
    #####:  924:	  if (state->hand[currentPlayer][p] == estate){//Found an estate card!
    #####:  925:	    state->coins += 4;//Add 4 coins to the amount of coins
    #####:  926:	    state->discard[currentPlayer][state->discardCount[currentPlayer]] = state->hand[currentPlayer][p];
    #####:  927:	    state->discardCount[currentPlayer]++;
    #####:  928:	    for (;p < state->handCount[currentPlayer]; p++){
    #####:  929:	      state->hand[currentPlayer][p] = state->hand[currentPlayer][p+1];
        -:  930:	    }
    #####:  931:	    state->hand[currentPlayer][state->handCount[currentPlayer]] = -1;
    #####:  932:	    state->handCount[currentPlayer]--;
    #####:  933:	    card_not_discarded = 0;//Exit the loop
        -:  934:	  }
    #####:  935:	  else if (p > state->handCount[currentPlayer]){
        -:  936:	    if(DEBUG) {
        -:  937:	      printf("No estate cards in your hand, invalid choice\n");
        -:  938:	      printf("Must gain an estate if there are any\n");
        -:  939:	    }
    #####:  940:	    if (supplyCount(estate, state) > 0){
    #####:  941:	      gainCard(estate, state, 0, currentPlayer);
    #####:  942:	      state->supplyCount[estate]--;//Decrement estates
    #####:  943:	      if (supplyCount(estate, state) == 0){
    #####:  944:		isGameOver(state);
        -:  945:	      }
        -:  946:	    }
    #####:  947:	    card_not_discarded = 0;//Exit the loop
        -:  948:	  }
        -:  949:			    
        -:  950:	  else{
    #####:  951:	    p++;//Next card
        -:  952:	  }
        -:  953:	}
        -:  954:      }
        -:  955:			    
        -:  956:      else{
    #####:  957:	if (supplyCount(estate, state) > 0){
    #####:  958:	  gainCard(estate, state, 0, currentPlayer);//Gain an estate
    #####:  959:	  state->supplyCount[estate]--;//Decrement Estates
    #####:  960:	  if (supplyCount(estate, state) == 0){
    #####:  961:	    isGameOver(state);
        -:  962:	  }
        -:  963:	}
        -:  964:      }
        -:  965:	    
        -:  966:      
    #####:  967:      return 0;
        -:  968:		
        -:  969:    case great_hall:
        -:  970:      //+1 Card
    #####:  971:      drawCard(currentPlayer, state);
        -:  972:			
        -:  973:      //+1 Actions
    #####:  974:      state->numActions++;
        -:  975:			
        -:  976:      //discard card from hand
    #####:  977:      discardCard(handPos, currentPlayer, state, 0);
    #####:  978:      return 0;
        -:  979:		
        -:  980:    case minion:
        -:  981:      //+1 action
    #####:  982:      state->numActions++;
        -:  983:			
        -:  984:      //discard card from hand
    #####:  985:      discardCard(handPos, currentPlayer, state, 0);
        -:  986:			
    #####:  987:      if (choice1)		//+2 coins
        -:  988:	{
    #####:  989:	  state->coins = state->coins + 2;
        -:  990:	}
        -:  991:			
    #####:  992:      else if (choice2)		//discard hand, redraw 4, other players with 5+ cards discard hand and draw 4
        -:  993:	{
        -:  994:	  //discard hand
    #####:  995:	  while(numHandCards(state) > 0)
        -:  996:	    {
    #####:  997:	      discardCard(handPos, currentPlayer, state, 0);
        -:  998:	    }
        -:  999:				
        -: 1000:	  //draw 4
    #####: 1001:	  for (i = 0; i < 4; i++)
        -: 1002:	    {
    #####: 1003:	      drawCard(currentPlayer, state);
        -: 1004:	    }
        -: 1005:				
        -: 1006:	  //other players discard hand and redraw if hand size > 4
    #####: 1007:	  for (i = 0; i < state->numPlayers; i++)
        -: 1008:	    {
    #####: 1009:	      if (i != currentPlayer)
        -: 1010:		{
    #####: 1011:		  if ( state->handCount[i] > 4 )
        -: 1012:		    {
        -: 1013:		      //discard hand
    #####: 1014:		      while( state->handCount[i] > 0 )
        -: 1015:			{
    #####: 1016:			  discardCard(handPos, i, state, 0);
        -: 1017:			}
        -: 1018:							
        -: 1019:		      //draw 4
    #####: 1020:		      for (j = 0; j < 4; j++)
        -: 1021:			{
    #####: 1022:			  drawCard(i, state);
        -: 1023:			}
        -: 1024:		    }
        -: 1025:		}
        -: 1026:	    }
        -: 1027:				
        -: 1028:	}
    #####: 1029:      return 0;
        -: 1030:		
        -: 1031:    case steward:
    #####: 1032:      if (choice1 == 1)
        -: 1033:	{
        -: 1034:	  //+2 cards
    #####: 1035:	  drawCard(currentPlayer, state);
    #####: 1036:	  drawCard(currentPlayer, state);
        -: 1037:	}
    #####: 1038:      else if (choice1 == 2)
        -: 1039:	{
        -: 1040:	  //+2 coins
    #####: 1041:	  state->coins = state->coins + 2;
        -: 1042:	}
        -: 1043:      else
        -: 1044:	{
        -: 1045:	  //trash 2 cards in hand
    #####: 1046:	  discardCard(choice2, currentPlayer, state, 1);
    #####: 1047:	  discardCard(choice3, currentPlayer, state, 1);
        -: 1048:	}
        -: 1049:			
        -: 1050:      //discard card from hand
    #####: 1051:      discardCard(handPos, currentPlayer, state, 0);
    #####: 1052:      return 0;
        -: 1053:		
        -: 1054:    case tribute:
    #####: 1055:      if ((state->discardCount[nextPlayer] + state->deckCount[nextPlayer]) <= 1){
    #####: 1056:	if (state->deckCount[nextPlayer] > 0){
    #####: 1057:	  tributeRevealedCards[0] = state->deck[nextPlayer][state->deckCount[nextPlayer]-1];
    #####: 1058:	  state->deckCount[nextPlayer]--;
        -: 1059:	}
    #####: 1060:	else if (state->discardCount[nextPlayer] > 0){
    #####: 1061:	  tributeRevealedCards[0] = state->discard[nextPlayer][state->discardCount[nextPlayer]-1];
    #####: 1062:	  state->discardCount[nextPlayer]--;
        -: 1063:	}
        -: 1064:	else{
        -: 1065:	  //No Card to Reveal
        -: 1066:	  if (DEBUG){
        -: 1067:	    printf("No cards to reveal\n");
        -: 1068:	  }
        -: 1069:	}
        -: 1070:      }
        -: 1071:	    
        -: 1072:      else{
    #####: 1073:	if (state->deckCount[nextPlayer] == 0){
    #####: 1074:	  for (i = 0; i < state->discardCount[nextPlayer]; i++){
    #####: 1075:	    state->deck[nextPlayer][i] = state->discard[nextPlayer][i];//Move to deck
    #####: 1076:	    state->deckCount[nextPlayer]++;
    #####: 1077:	    state->discard[nextPlayer][i] = -1;
    #####: 1078:	    state->discardCount[nextPlayer]--;
        -: 1079:	  }
        -: 1080:			    
    #####: 1081:	  shuffle(nextPlayer,state);//Shuffle the deck
        -: 1082:	} 
    #####: 1083:	tributeRevealedCards[0] = state->deck[nextPlayer][state->deckCount[nextPlayer]-1];
    #####: 1084:	state->deck[nextPlayer][state->deckCount[nextPlayer]--] = -1;
    #####: 1085:	state->deckCount[nextPlayer]--;
    #####: 1086:	tributeRevealedCards[1] = state->deck[nextPlayer][state->deckCount[nextPlayer]-1];
    #####: 1087:	state->deck[nextPlayer][state->deckCount[nextPlayer]--] = -1;
    #####: 1088:	state->deckCount[nextPlayer]--;
        -: 1089:      }    
        -: 1090:		       
    #####: 1091:      if (tributeRevealedCards[0] == tributeRevealedCards[1]){//If we have a duplicate card, just drop one 
    #####: 1092:	state->playedCards[state->playedCardCount] = tributeRevealedCards[1];
    #####: 1093:	state->playedCardCount++;
    #####: 1094:	tributeRevealedCards[1] = -1;
        -: 1095:      }
        -: 1096:
    #####: 1097:      for (i = 0; i <= 2; i ++){
    #####: 1098:	if (tributeRevealedCards[i] == copper || tributeRevealedCards[i] == silver || tributeRevealedCards[i] == gold){//Treasure cards
    #####: 1099:	  state->coins += 2;
        -: 1100:	}
        -: 1101:		    
    #####: 1102:	else if (tributeRevealedCards[i] == estate || tributeRevealedCards[i] == duchy || tributeRevealedCards[i] == province || tributeRevealedCards[i] == gardens || tributeRevealedCards[i] == great_hall){//Victory Card Found
    #####: 1103:	  drawCard(currentPlayer, state);
    #####: 1104:	  drawCard(currentPlayer, state);
        -: 1105:	}
        -: 1106:	else{//Action Card
    #####: 1107:	  state->numActions = state->numActions + 2;
        -: 1108:	}
        -: 1109:      }
        -: 1110:	    
    #####: 1111:      return 0;
        -: 1112:		
        -: 1113:    case ambassador:
    #####: 1114:      j = 0;		//used to check if player has enough cards to discard
        -: 1115:
    #####: 1116:      if (choice2 > 2 || choice2 < 0)
        -: 1117:	{
    #####: 1118:	  return -1;				
        -: 1119:	}
        -: 1120:
    #####: 1121:      if (choice1 == handPos)
        -: 1122:	{
    #####: 1123:	  return -1;
        -: 1124:	}
        -: 1125:
    #####: 1126:      for (i = 0; i < state->handCount[currentPlayer]; i++)
        -: 1127:	{
    #####: 1128:	  if (i != handPos && i == state->hand[currentPlayer][choice1] && i != choice1)
        -: 1129:	    {
    #####: 1130:	      j++;
        -: 1131:	    }
        -: 1132:	}
    #####: 1133:      if (j < choice2)
        -: 1134:	{
    #####: 1135:	  return -1;				
        -: 1136:	}
        -: 1137:
        -: 1138:      if (DEBUG) 
        -: 1139:	printf("Player %d reveals card number: %d\n", currentPlayer, state->hand[currentPlayer][choice1]);
        -: 1140:
        -: 1141:      //increase supply count for choosen card by amount being discarded
    #####: 1142:      state->supplyCount[state->hand[currentPlayer][choice1]] += choice2;
        -: 1143:			
        -: 1144:      //each other player gains a copy of revealed card
    #####: 1145:      for (i = 0; i < state->numPlayers; i++)
        -: 1146:	{
    #####: 1147:	  if (i != currentPlayer)
        -: 1148:	    {
    #####: 1149:	      gainCard(state->hand[currentPlayer][choice1], state, 0, i);
        -: 1150:	    }
        -: 1151:	}
        -: 1152:
        -: 1153:      //discard played card from hand
    #####: 1154:      discardCard(handPos, currentPlayer, state, 0);			
        -: 1155:
        -: 1156:      //trash copies of cards returned to supply
    #####: 1157:      for (j = 0; j < choice2; j++)
        -: 1158:	{
    #####: 1159:	  for (i = 0; i < state->handCount[currentPlayer]; i++)
        -: 1160:	    {
    #####: 1161:	      if (state->hand[currentPlayer][i] == state->hand[currentPlayer][choice1])
        -: 1162:		{
    #####: 1163:		  discardCard(i, currentPlayer, state, 1);
    #####: 1164:		  break;
        -: 1165:		}
        -: 1166:	    }
        -: 1167:	}			
        -: 1168:
    #####: 1169:      return 0;
        -: 1170:		
        -: 1171:    case cutpurse:
        -: 1172:
    #####: 1173:      updateCoins(currentPlayer, state, 2);
    #####: 1174:      for (i = 0; i < state->numPlayers; i++)
        -: 1175:	{
    #####: 1176:	  if (i != currentPlayer)
        -: 1177:	    {
    #####: 1178:	      for (j = 0; j < state->handCount[i]; j++)
        -: 1179:		{
    #####: 1180:		  if (state->hand[i][j] == copper)
        -: 1181:		    {
    #####: 1182:		      discardCard(j, i, state, 0);
    #####: 1183:		      break;
        -: 1184:		    }
    #####: 1185:		  if (j == state->handCount[i])
        -: 1186:		    {
    #####: 1187:		      for (k = 0; k < state->handCount[i]; k++)
        -: 1188:			{
        -: 1189:			  if (DEBUG)
        -: 1190:			    printf("Player %d reveals card number %d\n", i, state->hand[i][k]);
        -: 1191:			}	
    #####: 1192:		      break;
        -: 1193:		    }		
        -: 1194:		}
        -: 1195:					
        -: 1196:	    }
        -: 1197:				
        -: 1198:	}				
        -: 1199:
        -: 1200:      //discard played card from hand
    #####: 1201:      discardCard(handPos, currentPlayer, state, 0);			
        -: 1202:
    #####: 1203:      return 0;
        -: 1204:
        -: 1205:		
        -: 1206:    case embargo: 
        -: 1207:      //+2 Coins
    #####: 1208:      state->coins = state->coins + 2;
        -: 1209:			
        -: 1210:      //see if selected pile is in play
    #####: 1211:      if ( state->supplyCount[choice1] == -1 )
        -: 1212:	{
    #####: 1213:	  return -1;
        -: 1214:	}
        -: 1215:			
        -: 1216:      //add embargo token to selected supply pile
    #####: 1217:      state->embargoTokens[choice1]++;
        -: 1218:			
        -: 1219:      //trash card
    #####: 1220:      discardCard(handPos, currentPlayer, state, 1);		
    #####: 1221:      return 0;
        -: 1222:		
        -: 1223:    case outpost:
        -: 1224:      //set outpost flag
    #####: 1225:      state->outpostPlayed++;
        -: 1226:			
        -: 1227:      //discard card
    #####: 1228:      discardCard(handPos, currentPlayer, state, 0);
    #####: 1229:      return 0;
        -: 1230:		
        -: 1231:    case salvager:
        -: 1232:      //+1 buy
    #####: 1233:      state->numBuys++;
        -: 1234:			
    #####: 1235:      if (choice1)
        -: 1236:	{
        -: 1237:	  //gain coins equal to trashed card
    #####: 1238:	  state->coins = state->coins + getCost( handCard(choice1, state) );
        -: 1239:	  //trash card
    #####: 1240:	  discardCard(choice1, currentPlayer, state, 1);	
        -: 1241:	}
        -: 1242:			
        -: 1243:      //discard card
    #####: 1244:      discardCard(handPos, currentPlayer, state, 0);
    #####: 1245:      return 0;
        -: 1246:		
        -: 1247:    case sea_hag:
    #####: 1248:      for (i = 0; i < state->numPlayers; i++){
    #####: 1249:	if (i != currentPlayer){
    #####: 1250:	  state->discard[i][state->discardCount[i]] = state->deck[i][state->deckCount[i]--];			    state->deckCount[i]--;
    #####: 1251:	  state->discardCount[i]++;
    #####: 1252:	  state->deck[i][state->deckCount[i]--] = curse;//Top card now a curse
        -: 1253:	}
        -: 1254:      }
    #####: 1255:      return 0;
        -: 1256:		
        -: 1257:    case treasure_map:
        -: 1258:      //search hand for another treasure_map
    #####: 1259:      index = -1;
    #####: 1260:      for (i = 0; i < state->handCount[currentPlayer]; i++)
        -: 1261:	{
    #####: 1262:	  if (state->hand[currentPlayer][i] == treasure_map && i != handPos)
        -: 1263:	    {
    #####: 1264:	      index = i;
    #####: 1265:	      break;
        -: 1266:	    }
        -: 1267:	}
    #####: 1268:      if (index > -1)
        -: 1269:	{
        -: 1270:	  //trash both treasure cards
    #####: 1271:	  discardCard(handPos, currentPlayer, state, 1);
    #####: 1272:	  discardCard(index, currentPlayer, state, 1);
        -: 1273:
        -: 1274:	  //gain 4 Gold cards
    #####: 1275:	  for (i = 0; i < 4; i++)
        -: 1276:	    {
    #####: 1277:	      gainCard(gold, state, 1, currentPlayer);
        -: 1278:	    }
        -: 1279:				
        -: 1280:	  //return success
    #####: 1281:	  return 1;
        -: 1282:	}
        -: 1283:			
        -: 1284:      //no second treasure_map found in hand
    #####: 1285:      return -1;
        -: 1286:    }
        -: 1287:	
    #####: 1288:  return -1;
        -: 1289:}
        -: 1290:
    #####: 1291:int discardCard(int handPos, int currentPlayer, struct gameState *state, int trashFlag)
        -: 1292:{
        -: 1293:	
        -: 1294:  //if card is not trashed, added to Played pile 
    #####: 1295:  if (trashFlag < 1)
        -: 1296:    {
        -: 1297:      //add card to played pile
    #####: 1298:      state->playedCards[state->playedCardCount] = state->hand[currentPlayer][handPos]; 
    #####: 1299:      state->playedCardCount++;
        -: 1300:    }
        -: 1301:	
        -: 1302:  //set played card to -1
    #####: 1303:  state->hand[currentPlayer][handPos] = -1;
        -: 1304:	
        -: 1305:  //remove card from player's hand
    #####: 1306:  if ( handPos == (state->handCount[currentPlayer] - 1) ) 	//last card in hand array is played
        -: 1307:    {
        -: 1308:      //reduce number of cards in hand
    #####: 1309:      state->handCount[currentPlayer]--;
        -: 1310:    }
    #####: 1311:  else if ( state->handCount[currentPlayer] == 1 ) //only one card in hand
        -: 1312:    {
        -: 1313:      //reduce number of cards in hand
    #####: 1314:      state->handCount[currentPlayer]--;
        -: 1315:    }
        -: 1316:  else 	
        -: 1317:    {
        -: 1318:      //replace discarded card with last card in hand
    #####: 1319:      state->hand[currentPlayer][handPos] = state->hand[currentPlayer][ (state->handCount[currentPlayer] - 1)];
        -: 1320:      //set last card to -1
    #####: 1321:      state->hand[currentPlayer][state->handCount[currentPlayer] - 1] = -1;
        -: 1322:      //reduce number of cards in hand
    #####: 1323:      state->handCount[currentPlayer]--;
        -: 1324:    }
        -: 1325:	
    #####: 1326:  return 0;
        -: 1327:}
        -: 1328:
    #####: 1329:int gainCard(int supplyPos, struct gameState *state, int toFlag, int player)
        -: 1330:{
        -: 1331:  //Note: supplyPos is enum of choosen card
        -: 1332:	
        -: 1333:  //check if supply pile is empty (0) or card is not used in game (-1)
    #####: 1334:  if ( supplyCount(supplyPos, state) < 1 )
        -: 1335:    {
    #####: 1336:      return -1;
        -: 1337:    }
        -: 1338:	
        -: 1339:  //added card for [whoseTurn] current player:
        -: 1340:  // toFlag = 0 : add to discard
        -: 1341:  // toFlag = 1 : add to deck
        -: 1342:  // toFlag = 2 : add to hand
        -: 1343:
    #####: 1344:  if (toFlag == 1)
        -: 1345:    {
    #####: 1346:      state->deck[ player ][ state->deckCount[player] ] = supplyPos;
    #####: 1347:      state->deckCount[player]++;
        -: 1348:    }
    #####: 1349:  else if (toFlag == 2)
        -: 1350:    {
    #####: 1351:      state->hand[ player ][ state->handCount[player] ] = supplyPos;
    #####: 1352:      state->handCount[player]++;
        -: 1353:    }
        -: 1354:  else
        -: 1355:    {
    #####: 1356:      state->discard[player][ state->discardCount[player] ] = supplyPos;
    #####: 1357:      state->discardCount[player]++;
        -: 1358:    }
        -: 1359:	
        -: 1360:  //decrease number in supply pile
    #####: 1361:  state->supplyCount[supplyPos]--;
        -: 1362:	 
    #####: 1363:  return 0;
        -: 1364:}
        -: 1365:
        1: 1366:int updateCoins(int player, struct gameState *state, int bonus)
        -: 1367:{
        -: 1368:  int i;
        -: 1369:	
        -: 1370:  //reset coin count
        1: 1371:  state->coins = 0;
        -: 1372:
        -: 1373:  //add coins for each Treasure card in player's hand
        6: 1374:  for (i = 0; i < state->handCount[player]; i++)
        -: 1375:    {
        5: 1376:      if (state->hand[player][i] == copper)
        -: 1377:	{
        4: 1378:	  state->coins += 1;
        -: 1379:	}
        1: 1380:      else if (state->hand[player][i] == silver)
        -: 1381:	{
    #####: 1382:	  state->coins += 2;
        -: 1383:	}
        1: 1384:      else if (state->hand[player][i] == gold)
        -: 1385:	{
    #####: 1386:	  state->coins += 3;
        -: 1387:	}	
        -: 1388:    }	
        -: 1389:
        -: 1390:  //add bonus
        1: 1391:  state->coins += bonus;
        -: 1392:
        1: 1393:  return 0;
        -: 1394:}
        -: 1395:
        -: 1396:
        -: 1397://end of dominion.c
